<?xml version="1.0" encoding="UTF-8"?>
<testsuite xmlns:xsi="http://www.w3.org/2001/XMLSchema-instance" xsi:noNamespaceSchemaLocation="https://maven.apache.org/surefire/maven-surefire-plugin/xsd/surefire-test-report-3.0.xsd" version="3.0" name="TestRunDetails" time="0.022" tests="11" errors="0" skipped="0" failures="0">
  <properties>
[...]
</properties>
  <testcase name="testIntegrateRunDetailsWithCustomFitnessScore" classname="TestRunDetails" time="0.01">
    <system-out><![CDATA[Generated Result: 

]]></system-out>
  </testcase>
  <testcase name="testClearRunDetails" classname="TestRunDetails" time="0.0"/>
  <testcase name="testPrintRunDetails" classname="TestRunDetails" time="0.0">
    <system-out><![CDATA[Run ID: 7f49e4
Details: Sample run details
]]></system-out>
  </testcase>
  <testcase name="testGetRunDetailsNonExistingID" classname="TestRunDetails" time="0.0"/>
  <testcase name="testInterigateRunDetails" classname="TestRunDetails" time="0.001"/>
  <testcase name="testKilometerTimeErrorHandling" classname="TestRunDetails" time="0.0"/>
  <testcase name="testSetDate" classname="TestRunDetails" time="0.0"/>
  <testcase name="testAddRunDetails" classname="TestRunDetails" time="0.001"/>
  <testcase name="testAverageSpeedCalcErrorHandling" classname="TestRunDetails" time="0.0"/>
  <testcase name="testGetRunDetailsExistingID" classname="TestRunDetails" time="0.0"/>
  <testcase name="testFitnessScoreErrorHandling" classname="TestRunDetails" time="0.001"/>
</testsuite>