<?xml version="1.0" encoding="UTF-8" standalone="yes"?><!DOCTYPE report PUBLIC "-//JACOCO//DTD Report 1.1//EN" "report.dtd"><report name="demo"><sessioninfo id="AxelsDator-82ccb0ed" start="1736418531649" dump="1736418532250"/><sessioninfo id="AxelsDator-7b4c280d" start="1736419451277" dump="1736419451853"/><sessioninfo id="AxelsDator-627b6598" start="1736419460563" dump="1736419461168"/><sessioninfo id="AxelsDator-fb5f70cd" start="1736419478702" dump="1736419479262"/><sessioninfo id="AxelsDator-a2b33eb1" start="1736433437942" dump="1736433438498"/><sessioninfo id="AxelsDator-990fe3f0" start="1736452922772" dump="1736452923570"/><sessioninfo id="AxelsDator-b0462a20" start="1736452944392" dump="1736452945176"/><sessioninfo id="AxelsDator-f3bb090" start="1736453031085" dump="1736453032020"/><sessioninfo id="AxelsDator-f56feaf5" start="1736522134541" dump="1736522135121"/><sessioninfo id="AxelsDator-70bc03c1" start="1736522273827" dump="1736522274463"/><sessioninfo id="AxelsDator-8c0800c0" start="1736525250686" dump="1736525251528"/><sessioninfo id="AxelsDator-fe72270e" start="1736525543897" dump="1736525544556"/><sessioninfo id="AxelsDator-569ca4c" start="1736526116418" dump="1736526117122"/><sessioninfo id="AxelsDator-b3940f22" start="1736526995495" dump="1736526996116"/><sessioninfo id="AxelsDator-dea03603" start="1736527091551" dump="1736527092187"/><sessioninfo id="AxelsDator-a8f5e4a2" start="1736527648253" dump="1736527648855"/><sessioninfo id="AxelsDator-25a8c24e" start="1736527708359" dump="1736527708964"/><sessioninfo id="AxelsDator-fe8a119d" start="1736528060965" dump="1736528061627"/><sessioninfo id="AxelsDator-21c713d1" start="1736528099114" dump="1736528099716"/><sessioninfo id="AxelsDator-ea8978bb" start="1736528186298" dump="1736528186890"/><sessioninfo id="AxelsDator-38b0d221" start="1736528248394" dump="1736528248987"/><sessioninfo id="AxelsDator-c770f99f" start="1736528364038" dump="1736528364754"/><sessioninfo id="AxelsDator-3e4d90d7" start="1736528467835" dump="1736528468531"/><sessioninfo id="AxelsDator-9530c5d2" start="1736528553309" dump="1736528554016"/><sessioninfo id="AxelsDator-a0353d3a" start="1736540119416" dump="1736540120282"/><sessioninfo id="AxelsDator-63fed7db" start="1736540124551" dump="1736540125332"/><sessioninfo id="AxelsDator-4e3f2428" start="1736603000273" dump="1736603000934"/><sessioninfo id="AxelsDator-58336272" start="1736604523164" dump="1736604523735"/><sessioninfo id="AxelsDator-da73dc9b" start="1736605119310" dump="1736605119983"/><sessioninfo id="AxelsDator-7225b006" start="1736605269259" dump="1736605269829"/><sessioninfo id="AxelsDator-4848c867" start="1736605302763" dump="1736605303319"/><sessioninfo id="AxelsDator-55fd7d1e" start="1736605353986" dump="1736605354559"/><sessioninfo id="AxelsDator-468123a0" start="1736605394997" dump="1736605395619"/><sessioninfo id="AxelsDator-73569d1c" start="1736605415662" dump="1736605416207"/><sessioninfo id="AxelsDator-9e6fb58e" start="1736605516972" dump="1736605517555"/><sessioninfo id="AxelsDator-b86e6591" start="1736605865078" dump="1736605865661"/><sessioninfo id="AxelsDator-1fdbd1d2" start="1736605890443" dump="1736605891026"/><sessioninfo id="AxelsDator-1ebe99bd" start="1736605924426" dump="1736605925017"/><sessioninfo id="AxelsDator-84bf1454" start="1736605930017" dump="1736605930579"/><sessioninfo id="AxelsDator-49e5581e" start="1736606374378" dump="1736606375002"/><sessioninfo id="AxelsDator-a7c9581" start="1736611119056" dump="1736611119676"/><sessioninfo id="AxelsDator-32b75efa" start="1736611211722" dump="1736611212375"/><sessioninfo id="AxelsDator-b5889d3b" start="1736611232083" dump="1736611232650"/><sessioninfo id="AxelsDator-e10f1416" start="1736630971416" dump="1736630972076"/><sessioninfo id="AxelsDator-399fa2cc" start="1736630977616" dump="1736630978199"/><sessioninfo id="AxelsDator-ee028a0a" start="1736630987936" dump="1736630988555"/><sessioninfo id="AxelsDator-e5bc59f8" start="1736631094831" dump="1736631095469"/><sessioninfo id="AxelsDator-19fbe997" start="1736631235329" dump="1736631235988"/><sessioninfo id="AxelsDator-e10ad62e" start="1736641882073" dump="1736641883692"/><sessioninfo id="AxelsDator-c5bf9106" start="1736642272306" dump="1736642273874"/><sessioninfo id="AxelsDator-8f07a990" start="1736642317251" dump="1736642318780"/><sessioninfo id="AxelsDator-5d2b958a" start="1736642724451" dump="1736642726038"/><sessioninfo id="AxelsDator-f24f5ea7" start="1736642792786" dump="1736642794313"/><sessioninfo id="AxelsDator-1d43954e" start="1736643024460" dump="1736643026002"/><sessioninfo id="AxelsDator-de0367d5" start="1736643061324" dump="1736643062914"/><sessioninfo id="AxelsDator-f6d1c88b" start="1736643088808" dump="1736643090376"/><sessioninfo id="AxelsDator-9fe3949e" start="1736643218089" dump="1736643218703"/><sessioninfo id="AxelsDator-46aa5f31" start="1736643243212" dump="1736643243793"/><sessioninfo id="AxelsDator-6b714704" start="1736643432303" dump="1736643432897"/><sessioninfo id="AxelsDator-2e26f2a4" start="1736643507903" dump="1736643508522"/><sessioninfo id="AxelsDator-9dfa487a" start="1736643535156" dump="1736643535801"/><sessioninfo id="AxelsDator-d7bf2957" start="1736643588122" dump="1736643588707"/><sessioninfo id="AxelsDator-a4b0e821" start="1736643715859" dump="1736643716489"/><sessioninfo id="AxelsDator-eae4c2fc" start="1736643734603" dump="1736643735241"/><sessioninfo id="AxelsDator-1710381" start="1736643781126" dump="1736643781718"/><sessioninfo id="AxelsDator-9de3b551" start="1736643849591" dump="1736643850169"/><sessioninfo id="AxelsDator-cbb6fb21" start="1736643866023" dump="1736643866621"/><sessioninfo id="AxelsDator-a37d2969" start="1736643930539" dump="1736643931117"/><sessioninfo id="AxelsDator-e2d09163" start="1736643942830" dump="1736643943432"/><sessioninfo id="AxelsDator-de100e46" start="1736644386977" dump="1736644387549"/><sessioninfo id="AxelsDator-9c024922" start="1736644401396" dump="1736644401984"/><sessioninfo id="AxelsDator-6c0cd7d4" start="1736644464754" dump="1736644465420"/><sessioninfo id="AxelsDator-973e370a" start="1736644494722" dump="1736644495318"/><sessioninfo id="AxelsDator-ef2a29f3" start="1736644811751" dump="1736644812363"/><sessioninfo id="AxelsDator-6aa66209" start="1736644830345" dump="1736644830956"/><sessioninfo id="AxelsDator-88419449" start="1736644849144" dump="1736644849724"/><sessioninfo id="AxelsDator-3b3df3be" start="1736644923323" dump="1736644923956"/><sessioninfo id="AxelsDator-4a3bb99b" start="1736644967975" dump="1736644968613"/><sessioninfo id="AxelsDator-52a72d29" start="1736645053365" dump="1736645053980"/><sessioninfo id="AxelsDator-7dfdf04" start="1736645882969" dump="1736645883598"/><sessioninfo id="AxelsDator-4ecf67ae" start="1736646858852" dump="1736646859499"/><sessioninfo id="AxelsDator-e7882ec0" start="1736647592664" dump="1736647593348"/><sessioninfo id="AxelsDator-a5102a6" start="1736647631229" dump="1736647631889"/><sessioninfo id="AxelsDator-e7dd9a16" start="1736647733921" dump="1736647734597"/><sessioninfo id="AxelsLaptop-37106888" start="1736696599894" dump="1736696601948"/><sessioninfo id="AxelsLaptop-89af5dc4" start="1736696900442" dump="1736696901828"/><sessioninfo id="AxelsDator-592601e5" start="1736714708000" dump="1736714708852"/><sessioninfo id="AxelsDator-ca9663ec" start="1736714726252" dump="1736714726881"/><sessioninfo id="AxelsDator-44871d63" start="1736714884372" dump="1736714885112"/><sessioninfo id="AxelsDator-456bc56d" start="1736714977234" dump="1736714977838"/><sessioninfo id="AxelsDator-f0b57f3d" start="1736714996350" dump="1736714997040"/><sessioninfo id="AxelsDator-5a9b20c4" start="1736715010862" dump="1736715011656"/><sessioninfo id="AxelsDator-ec8066a4" start="1736715116078" dump="1736715116846"/><sessioninfo id="AxelsDator-d1db8450" start="1736760203979" dump="1736760204634"/><sessioninfo id="AxelsDator-9c01afaa" start="1736760210756" dump="1736760211384"/><sessioninfo id="AxelsDator-64303372" start="1736760216741" dump="1736760217552"/><sessioninfo id="AxelsDator-84523092" start="1736760327446" dump="1736760328115"/><sessioninfo id="AxelsDator-ee6235ba" start="1736760336797" dump="1736760337474"/><sessioninfo id="AxelsDator-d6166641" start="1736760360336" dump="1736760361334"/><sessioninfo id="AxelsDator-571eb048" start="1736760485625" dump="1736760486309"/><sessioninfo id="AxelsDator-3c56f5bc" start="1736760525706" dump="1736760526329"/><sessioninfo id="AxelsDator-9108f009" start="1736760881277" dump="1736760881890"/><sessioninfo id="AxelsDator-391ec50f" start="1736760888924" dump="1736760889557"/><sessioninfo id="AxelsLaptop-eaa39895" start="1736781177497" dump="1736781179177"/><sessioninfo id="AxelsDator-1ffcb035" start="1736798101143" dump="1736798102693"/><sessioninfo id="AxelsDator-7be66c13" start="1736798240140" dump="1736798240809"/><sessioninfo id="AxelsDator-f587db4c" start="1736798245963" dump="1736798246614"/><sessioninfo id="AxelsDator-e80aec4c" start="1736798251591" dump="1736798252453"/><sessioninfo id="AxelsDator-46a8f22f" start="1736798391258" dump="1736798392104"/><package name="com/example"><class name="com/example/KilometerTime" sourcefilename="KilometerTime.java"><method name="&lt;init&gt;" desc="()V" line="4"><counter type="INSTRUCTION" missed="0" covered="3"/><counter type="LINE" missed="0" covered="1"/><counter type="COMPLEXITY" missed="0" covered="1"/><counter type="METHOD" missed="0" covered="1"/></method><method name="calculateKilometerTime" desc="(Lcom/example/RunTime;Lcom/example/AddDistance;)D" line="7"><counter type="INSTRUCTION" missed="0" covered="50"/><counter type="BRANCH" missed="0" covered="8"/><counter type="LINE" missed="0" covered="10"/><counter type="COMPLEXITY" missed="0" covered="5"/><counter type="METHOD" missed="0" covered="1"/></method><counter type="INSTRUCTION" missed="0" covered="53"/><counter type="BRANCH" missed="0" covered="8"/><counter type="LINE" missed="0" covered="11"/><counter type="COMPLEXITY" missed="0" covered="6"/><counter type="METHOD" missed="0" covered="2"/><counter type="CLASS" missed="0" covered="1"/></class><class name="com/example/RunDetails" sourcefilename="RunDetails.java"><method name="&lt;init&gt;" desc="()V" line="5"><counter type="INSTRUCTION" missed="3" covered="0"/><counter type="LINE" missed="1" covered="0"/><counter type="COMPLEXITY" missed="1" covered="0"/><counter type="METHOD" missed="1" covered="0"/></method><method name="addRunDetails" desc="(Ljava/lang/String;Ljava/lang/String;)V" line="10"><counter type="INSTRUCTION" missed="0" covered="6"/><counter type="LINE" missed="0" covered="2"/><counter type="COMPLEXITY" missed="0" covered="1"/><counter type="METHOD" missed="0" covered="1"/></method><method name="getRunDetails" desc="(Ljava/lang/String;)Ljava/lang/String;" line="14"><counter type="INSTRUCTION" missed="0" covered="7"/><counter type="LINE" missed="0" covered="1"/><counter type="COMPLEXITY" missed="0" covered="1"/><counter type="METHOD" missed="0" covered="1"/></method><method name="printRunDetails" desc="(Ljava/lang/String;)V" line="18"><counter type="INSTRUCTION" missed="0" covered="12"/><counter type="LINE" missed="0" covered="4"/><counter type="COMPLEXITY" missed="0" covered="1"/><counter type="METHOD" missed="0" covered="1"/></method><method name="interigateRunDetails" desc="(Ljava/lang/String;Lcom/example/AddDistance;Lcom/example/RunTime;Lcom/example/AverageSpeed;Lcom/example/KilometerTime;Lcom/example/FitnessScore;Lcom/example/TodaysDate;)V" line="24"><counter type="INSTRUCTION" missed="0" covered="96"/><counter type="LINE" missed="0" covered="18"/><counter type="COMPLEXITY" missed="0" covered="1"/><counter type="METHOD" missed="0" covered="1"/></method><method name="clearRunDetails" desc="()V" line="49"><counter type="INSTRUCTION" missed="0" covered="3"/><counter type="LINE" missed="0" covered="2"/><counter type="COMPLEXITY" missed="0" covered="1"/><counter type="METHOD" missed="0" covered="1"/></method><method name="&lt;clinit&gt;" desc="()V" line="6"><counter type="INSTRUCTION" missed="0" covered="5"/><counter type="LINE" missed="0" covered="1"/><counter type="COMPLEXITY" missed="0" covered="1"/><counter type="METHOD" missed="0" covered="1"/></method><counter type="INSTRUCTION" missed="3" covered="129"/><counter type="LINE" missed="1" covered="28"/><counter type="COMPLEXITY" missed="1" covered="6"/><counter type="METHOD" missed="1" covered="6"/><counter type="CLASS" missed="0" covered="1"/></class><class name="com/example/TodaysDate" sourcefilename="TodaysDate.java"><method name="&lt;init&gt;" desc="()V" line="8"><counter type="INSTRUCTION" missed="0" covered="6"/><counter type="LINE" missed="0" covered="3"/><counter type="COMPLEXITY" missed="0" covered="1"/><counter type="METHOD" missed="0" covered="1"/></method><method name="&lt;init&gt;" desc="(Ljava/time/LocalDate;)V" line="12"><counter type="INSTRUCTION" missed="0" covered="6"/><counter type="LINE" missed="0" covered="3"/><counter type="COMPLEXITY" missed="0" covered="1"/><counter type="METHOD" missed="0" covered="1"/></method><method name="getDate" desc="()Ljava/time/LocalDate;" line="17"><counter type="INSTRUCTION" missed="0" covered="3"/><counter type="LINE" missed="0" covered="1"/><counter type="COMPLEXITY" missed="0" covered="1"/><counter type="METHOD" missed="0" covered="1"/></method><method name="setDate" desc="(Ljava/time/LocalDate;)V" line="21"><counter type="INSTRUCTION" missed="0" covered="4"/><counter type="LINE" missed="0" covered="2"/><counter type="COMPLEXITY" missed="0" covered="1"/><counter type="METHOD" missed="0" covered="1"/></method><method name="toString" desc="()Ljava/lang/String;" line="25"><counter type="INSTRUCTION" missed="0" covered="4"/><counter type="LINE" missed="0" covered="1"/><counter type="COMPLEXITY" missed="0" covered="1"/><counter type="METHOD" missed="0" covered="1"/></method><counter type="INSTRUCTION" missed="0" covered="23"/><counter type="LINE" missed="0" covered="10"/><counter type="COMPLEXITY" missed="0" covered="5"/><counter type="METHOD" missed="0" covered="5"/><counter type="CLASS" missed="0" covered="1"/></class><class name="com/example/AverageSpeed" sourcefilename="AverageSpeed.java"><method name="&lt;init&gt;" desc="(Lcom/example/AddDistance;Lcom/example/RunTime;)V" line="7"><counter type="INSTRUCTION" missed="0" covered="9"/><counter type="LINE" missed="0" covered="4"/><counter type="COMPLEXITY" missed="0" covered="1"/><counter type="METHOD" missed="0" covered="1"/></method><method name="calculateAverageSpeed" desc="()D" line="13"><counter type="INSTRUCTION" missed="0" covered="38"/><counter type="BRANCH" missed="0" covered="2"/><counter type="LINE" missed="0" covered="5"/><counter type="COMPLEXITY" missed="0" covered="2"/><counter type="METHOD" missed="0" covered="1"/></method><counter type="INSTRUCTION" missed="0" covered="47"/><counter type="BRANCH" missed="0" covered="2"/><counter type="LINE" missed="0" covered="9"/><counter type="COMPLEXITY" missed="0" covered="3"/><counter type="METHOD" missed="0" covered="2"/><counter type="CLASS" missed="0" covered="1"/></class><class name="com/example/GenerateID" sourcefilename="GenerateID.java"><method name="&lt;init&gt;" desc="()V" line="6"><counter type="INSTRUCTION" missed="0" covered="3"/><counter type="LINE" missed="0" covered="1"/><counter type="COMPLEXITY" missed="0" covered="1"/><counter type="METHOD" missed="0" covered="1"/></method><method name="generateNewID" desc="()Ljava/lang/String;" line="8"><counter type="INSTRUCTION" missed="0" covered="6"/><counter type="LINE" missed="0" covered="1"/><counter type="COMPLEXITY" missed="0" covered="1"/><counter type="METHOD" missed="0" covered="1"/></method><counter type="INSTRUCTION" missed="0" covered="9"/><counter type="LINE" missed="0" covered="2"/><counter type="COMPLEXITY" missed="0" covered="2"/><counter type="METHOD" missed="0" covered="2"/><counter type="CLASS" missed="0" covered="1"/></class><class name="com/example/AddDistance" sourcefilename="AddDistance.java"><method name="&lt;init&gt;" desc="()V" line="5"><counter type="INSTRUCTION" missed="0" covered="6"/><counter type="LINE" missed="0" covered="3"/><counter type="COMPLEXITY" missed="0" covered="1"/><counter type="METHOD" missed="0" covered="1"/></method><method name="addDistance" desc="(D)V" line="10"><counter type="INSTRUCTION" missed="0" covered="7"/><counter type="LINE" missed="0" covered="2"/><counter type="COMPLEXITY" missed="0" covered="1"/><counter type="METHOD" missed="0" covered="1"/></method><method name="getTotalDistance" desc="()D" line="14"><counter type="INSTRUCTION" missed="0" covered="3"/><counter type="LINE" missed="0" covered="1"/><counter type="COMPLEXITY" missed="0" covered="1"/><counter type="METHOD" missed="0" covered="1"/></method><counter type="INSTRUCTION" missed="0" covered="16"/><counter type="LINE" missed="0" covered="6"/><counter type="COMPLEXITY" missed="0" covered="3"/><counter type="METHOD" missed="0" covered="3"/><counter type="CLASS" missed="0" covered="1"/></class><class name="com/example/RunTime" sourcefilename="RunTime.java"><method name="&lt;init&gt;" desc="(III)V" line="8"><counter type="INSTRUCTION" missed="0" covered="12"/><counter type="LINE" missed="0" covered="5"/><counter type="COMPLEXITY" missed="0" covered="1"/><counter type="METHOD" missed="0" covered="1"/></method><method name="getHours" desc="()I" line="15"><counter type="INSTRUCTION" missed="0" covered="3"/><counter type="LINE" missed="0" covered="1"/><counter type="COMPLEXITY" missed="0" covered="1"/><counter type="METHOD" missed="0" covered="1"/></method><method name="getMinutes" desc="()I" line="19"><counter type="INSTRUCTION" missed="0" covered="3"/><counter type="LINE" missed="0" covered="1"/><counter type="COMPLEXITY" missed="0" covered="1"/><counter type="METHOD" missed="0" covered="1"/></method><method name="getSeconds" desc="()I" line="23"><counter type="INSTRUCTION" missed="0" covered="3"/><counter type="LINE" missed="0" covered="1"/><counter type="COMPLEXITY" missed="0" covered="1"/><counter type="METHOD" missed="0" covered="1"/></method><counter type="INSTRUCTION" missed="0" covered="21"/><counter type="LINE" missed="0" covered="8"/><counter type="COMPLEXITY" missed="0" covered="4"/><counter type="METHOD" missed="0" covered="4"/><counter type="CLASS" missed="0" covered="1"/></class><class name="com/example/TotalDistanceInKM" sourcefilename="TotalDistanceInKM.java"><method name="&lt;init&gt;" desc="()V" line="11"><counter type="INSTRUCTION" missed="0" covered="13"/><counter type="LINE" missed="0" covered="4"/><counter type="COMPLEXITY" missed="0" covered="1"/><counter type="METHOD" missed="0" covered="1"/></method><method name="addRun" desc="(D)V" line="17"><counter type="INSTRUCTION" missed="0" covered="11"/><counter type="LINE" missed="0" covered="3"/><counter type="COMPLEXITY" missed="0" covered="1"/><counter type="METHOD" missed="0" covered="1"/></method><method name="getTotalDistance" desc="()D" line="22"><counter type="INSTRUCTION" missed="0" covered="4"/><counter type="LINE" missed="0" covered="1"/><counter type="COMPLEXITY" missed="0" covered="1"/><counter type="METHOD" missed="0" covered="1"/></method><method name="getTotalRuns" desc="()I" line="26"><counter type="INSTRUCTION" missed="0" covered="4"/><counter type="LINE" missed="0" covered="1"/><counter type="COMPLEXITY" missed="0" covered="1"/><counter type="METHOD" missed="0" covered="1"/></method><counter type="INSTRUCTION" missed="0" covered="32"/><counter type="LINE" missed="0" covered="9"/><counter type="COMPLEXITY" missed="0" covered="4"/><counter type="METHOD" missed="0" covered="4"/><counter type="CLASS" missed="0" covered="1"/></class><class name="com/example/FitnessScore" sourcefilename="FitnessScore.java"><method name="&lt;init&gt;" desc="()V" line="3"><counter type="INSTRUCTION" missed="0" covered="3"/><counter type="LINE" missed="0" covered="1"/><counter type="COMPLEXITY" missed="0" covered="1"/><counter type="METHOD" missed="0" covered="1"/></method><method name="calculateFitnessScore" desc="(DLcom/example/AddDistance;Lcom/example/AverageSpeed;Lcom/example/RunTime;I)D" line="6"><counter type="INSTRUCTION" missed="0" covered="45"/><counter type="BRANCH" missed="0" covered="8"/><counter type="LINE" missed="0" covered="9"/><counter type="COMPLEXITY" missed="0" covered="5"/><counter type="METHOD" missed="0" covered="1"/></method><counter type="INSTRUCTION" missed="0" covered="48"/><counter type="BRANCH" missed="0" covered="8"/><counter type="LINE" missed="0" covered="10"/><counter type="COMPLEXITY" missed="0" covered="6"/><counter type="METHOD" missed="0" covered="2"/><counter type="CLASS" missed="0" covered="1"/></class><sourcefile name="GenerateID.java"><line nr="6" mi="0" ci="3" mb="0" cb="0"/><line nr="8" mi="0" ci="6" mb="0" cb="0"/><counter type="INSTRUCTION" missed="0" covered="9"/><counter type="LINE" missed="0" covered="2"/><counter type="COMPLEXITY" missed="0" covered="2"/><counter type="METHOD" missed="0" covered="2"/><counter type="CLASS" missed="0" covered="1"/></sourcefile><sourcefile name="RunDetails.java"><line nr="5" mi="3" ci="0" mb="0" cb="0"/><line nr="6" mi="0" ci="5" mb="0" cb="0"/><line nr="10" mi="0" ci="5" mb="0" cb="0"/><line nr="11" mi="0" ci="1" mb="0" cb="0"/><line nr="14" mi="0" ci="7" mb="0" cb="0"/><line nr="18" mi="0" ci="3" mb="0" cb="0"/><line nr="19" mi="0" ci="4" mb="0" cb="0"/><line nr="20" mi="0" ci="4" mb="0" cb="0"/><line nr="21" mi="0" ci="1" mb="0" cb="0"/><line nr="24" mi="0" ci="4" mb="0" cb="0"/><line nr="26" mi="0" ci="9" mb="0" cb="0"/><line nr="27" mi="0" ci="9" mb="0" cb="0"/><line nr="28" mi="0" ci="19" mb="0" cb="0"/><line nr="30" mi="0" ci="9" mb="0" cb="0"/><line nr="31" mi="0" ci="1" mb="0" cb="0"/><line nr="32" mi="0" ci="4" mb="0" cb="0"/><line nr="33" mi="0" ci="1" mb="0" cb="0"/><line nr="36" mi="0" ci="10" mb="0" cb="0"/><line nr="37" mi="0" ci="1" mb="0" cb="0"/><line nr="38" mi="0" ci="4" mb="0" cb="0"/><line nr="39" mi="0" ci="1" mb="0" cb="0"/><line nr="42" mi="0" ci="13" mb="0" cb="0"/><line nr="43" mi="0" ci="1" mb="0" cb="0"/><line nr="44" mi="0" ci="4" mb="0" cb="0"/><line nr="45" mi="0" ci="1" mb="0" cb="0"/><line nr="46" mi="0" ci="4" mb="0" cb="0"/><line nr="47" mi="0" ci="1" mb="0" cb="0"/><line nr="49" mi="0" ci="2" mb="0" cb="0"/><line nr="50" mi="0" ci="1" mb="0" cb="0"/><counter type="INSTRUCTION" missed="3" covered="129"/><counter type="LINE" missed="1" covered="28"/><counter type="COMPLEXITY" missed="1" covered="6"/><counter type="METHOD" missed="1" covered="6"/><counter type="CLASS" missed="0" covered="1"/></sourcefile><sourcefile name="RunTime.java"><line nr="8" mi="0" ci="2" mb="0" cb="0"/><line nr="9" mi="0" ci="3" mb="0" cb="0"/><line nr="10" mi="0" ci="3" mb="0" cb="0"/><line nr="11" mi="0" ci="3" mb="0" cb="0"/><line nr="12" mi="0" ci="1" mb="0" cb="0"/><line nr="15" mi="0" ci="3" mb="0" cb="0"/><line nr="19" mi="0" ci="3" mb="0" cb="0"/><line nr="23" mi="0" ci="3" mb="0" cb="0"/><counter type="INSTRUCTION" missed="0" covered="21"/><counter type="LINE" missed="0" covered="8"/><counter type="COMPLEXITY" missed="0" covered="4"/><counter type="METHOD" missed="0" covered="4"/><counter type="CLASS" missed="0" covered="1"/></sourcefile><sourcefile name="AverageSpeed.java"><line nr="7" mi="0" ci="2" mb="0" cb="0"/><line nr="8" mi="0" ci="3" mb="0" cb="0"/><line nr="9" mi="0" ci="3" mb="0" cb="0"/><line nr="10" mi="0" ci="1" mb="0" cb="0"/><line nr="13" mi="0" ci="19" mb="0" cb="0"/><line nr="15" mi="0" ci="4" mb="0" cb="0"/><line nr="17" mi="0" ci="4" mb="0" cb="2"/><line nr="18" mi="0" ci="5" mb="0" cb="0"/><line nr="21" mi="0" ci="6" mb="0" cb="0"/><counter type="INSTRUCTION" missed="0" covered="47"/><counter type="BRANCH" missed="0" covered="2"/><counter type="LINE" missed="0" covered="9"/><counter type="COMPLEXITY" missed="0" covered="3"/><counter type="METHOD" missed="0" covered="2"/><counter type="CLASS" missed="0" covered="1"/></sourcefile><sourcefile name="KilometerTime.java"><line nr="4" mi="0" ci="3" mb="0" cb="0"/><line nr="7" mi="0" ci="4" mb="0" cb="4"/><line nr="8" mi="0" ci="5" mb="0" cb="0"/><line nr="11" mi="0" ci="3" mb="0" cb="0"/><line nr="12" mi="0" ci="3" mb="0" cb="0"/><line nr="13" mi="0" ci="3" mb="0" cb="0"/><line nr="15" mi="0" ci="12" mb="0" cb="0"/><line nr="17" mi="0" ci="3" mb="0" cb="0"/><line nr="19" mi="0" ci="8" mb="0" cb="4"/><line nr="20" mi="0" ci="5" mb="0" cb="0"/><line nr="22" mi="0" ci="4" mb="0" cb="0"/><counter type="INSTRUCTION" missed="0" covered="53"/><counter type="BRANCH" missed="0" covered="8"/><counter type="LINE" missed="0" covered="11"/><counter type="COMPLEXITY" missed="0" covered="6"/><counter type="METHOD" missed="0" covered="2"/><counter type="CLASS" missed="0" covered="1"/></sourcefile><sourcefile name="FitnessScore.java"><line nr="3" mi="0" ci="3" mb="0" cb="0"/><line nr="6" mi="0" ci="6" mb="0" cb="6"/><line nr="7" mi="0" ci="5" mb="0" cb="0"/><line nr="10" mi="0" ci="3" mb="0" cb="0"/><line nr="11" mi="0" ci="3" mb="0" cb="0"/><line nr="12" mi="0" ci="4" mb="0" cb="0"/><line nr="14" mi="0" ci="4" mb="0" cb="2"/><line nr="15" mi="0" ci="5" mb="0" cb="0"/><line nr="18" mi="0" ci="13" mb="0" cb="0"/><line nr="19" mi="0" ci="2" mb="0" cb="0"/><counter type="INSTRUCTION" missed="0" covered="48"/><counter type="BRANCH" missed="0" covered="8"/><counter type="LINE" missed="0" covered="10"/><counter type="COMPLEXITY" missed="0" covered="6"/><counter type="METHOD" missed="0" covered="2"/><counter type="CLASS" missed="0" covered="1"/></sourcefile><sourcefile name="TotalDistanceInKM.java"><line nr="11" mi="0" ci="2" mb="0" cb="0"/><line nr="12" mi="0" ci="5" mb="0" cb="0"/><line nr="13" mi="0" ci="5" mb="0" cb="0"/><line nr="14" mi="0" ci="1" mb="0" cb="0"/><line nr="17" mi="0" ci="6" mb="0" cb="0"/><line nr="18" mi="0" ci="4" mb="0" cb="0"/><line nr="19" mi="0" ci="1" mb="0" cb="0"/><line nr="22" mi="0" ci="4" mb="0" cb="0"/><line nr="26" mi="0" ci="4" mb="0" cb="0"/><counter type="INSTRUCTION" missed="0" covered="32"/><counter type="LINE" missed="0" covered="9"/><counter type="COMPLEXITY" missed="0" covered="4"/><counter type="METHOD" missed="0" covered="4"/><counter type="CLASS" missed="0" covered="1"/></sourcefile><sourcefile name="AddDistance.java"><line nr="5" mi="0" ci="2" mb="0" cb="0"/><line nr="6" mi="0" ci="3" mb="0" cb="0"/><line nr="7" mi="0" ci="1" mb="0" cb="0"/><line nr="10" mi="0" ci="6" mb="0" cb="0"/><line nr="11" mi="0" ci="1" mb="0" cb="0"/><line nr="14" mi="0" ci="3" mb="0" cb="0"/><counter type="INSTRUCTION" missed="0" covered="16"/><counter type="LINE" missed="0" covered="6"/><counter type="COMPLEXITY" missed="0" covered="3"/><counter type="METHOD" missed="0" covered="3"/><counter type="CLASS" missed="0" covered="1"/></sourcefile><sourcefile name="TodaysDate.java"><line nr="8" mi="0" ci="2" mb="0" cb="0"/><line nr="9" mi="0" ci="3" mb="0" cb="0"/><line nr="10" mi="0" ci="1" mb="0" cb="0"/><line nr="12" mi="0" ci="2" mb="0" cb="0"/><line nr="13" mi="0" ci="3" mb="0" cb="0"/><line nr="14" mi="0" ci="1" mb="0" cb="0"/><line nr="17" mi="0" ci="3" mb="0" cb="0"/><line nr="21" mi="0" ci="3" mb="0" cb="0"/><line nr="22" mi="0" ci="1" mb="0" cb="0"/><line nr="25" mi="0" ci="4" mb="0" cb="0"/><counter type="INSTRUCTION" missed="0" covered="23"/><counter type="LINE" missed="0" covered="10"/><counter type="COMPLEXITY" missed="0" covered="5"/><counter type="METHOD" missed="0" covered="5"/><counter type="CLASS" missed="0" covered="1"/></sourcefile><counter type="INSTRUCTION" missed="3" covered="378"/><counter type="BRANCH" missed="0" covered="18"/><counter type="LINE" missed="1" covered="93"/><counter type="COMPLEXITY" missed="1" covered="39"/><counter type="METHOD" missed="1" covered="30"/><counter type="CLASS" missed="0" covered="9"/></package><counter type="INSTRUCTION" missed="3" covered="378"/><counter type="BRANCH" missed="0" covered="18"/><counter type="LINE" missed="1" covered="93"/><counter type="COMPLEXITY" missed="1" covered="39"/><counter type="METHOD" missed="1" covered="30"/><counter type="CLASS" missed="0" covered="9"/></report>