GROUP,PACKAGE,CLASS,INSTRUCTION_MISSED,INSTRUCTION_COVERED,BRANCH_MISSED,BRANCH_COVERED,LINE_MISSED,LINE_COVERED,COMPLEXITY_MISSED,COMPLEXITY_COVERED,METHOD_MISSED,METHOD_COVERED
demo,com.example,KilometerTime,0,41,0,4,0,9,0,4,0,2
demo,com.example,RunDetails,18,114,0,0,4,22,1,6,1,6
demo,com.example,TodaysDate,0,23,0,0,0,10,0,5,0,5
demo,com.example,AverageSpeed,0,47,0,2,0,9,0,3,0,2
demo,com.example,GenerateID,0,9,0,0,0,2,0,2,0,2
demo,com.example,AddDistance,0,16,0,0,0,6,0,3,0,3
demo,com.example,RunTime,0,21,0,0,0,8,0,4,0,4
demo,com.example,FitnessScore,0,48,0,8,0,10,0,6,0,2
